This is pdfTeX, Version 3.141592653-2.6-1.40.25 (TeX Live 2023/Debian) (preloaded format=pdflatex 2025.2.27)  28 MAY 2025 14:02
entering extended mode
 restricted \write18 enabled.
 file:line:error style messages enabled.
 %&-line parsing enabled.
**"/home/viny/Desktop/Report on 8051/main_report.tex"
(/home/viny/Desktop/Report on 8051/main_report.tex
LaTeX2e <2023-11-01> patch level 1
L3 programming layer <2024-01-22>
(/usr/share/texlive/texmf-dist/tex/latex/base/report.cls
Document Class: report 2023/05/17 v1.4n Standard LaTeX document class
(/usr/share/texlive/texmf-dist/tex/latex/base/size11.clo
File: size11.clo 2023/05/17 v1.4n Standard LaTeX file (size option)
)
\c@part=\count187
\c@chapter=\count188
\c@section=\count189
\c@subsection=\count190
\c@subsubsection=\count191
\c@paragraph=\count192
\c@subparagraph=\count193
\c@figure=\count194
\c@table=\count195
\abovecaptionskip=\skip48
\belowcaptionskip=\skip49
\bibindent=\dimen140
) (/usr/share/texlive/texmf-dist/tex/latex/subfig/subfig.sty
Package: subfig 2005/06/28 ver: 1.3 subfig package
 (/usr/share/texlive/texmf-dist/tex/latex/graphics/keyval.sty
Package: keyval 2022/05/29 v1.15 key=value parser (DPC)
\KV@toks@=\toks17
) (/usr/share/texlive/texmf-dist/tex/latex/caption/caption.sty
Package: caption 2023/08/05 v3.6o Customizing captions (AR)
 (/usr/share/texlive/texmf-dist/tex/latex/caption/caption3.sty
Package: caption3 2023/07/31 v2.4d caption3 kernel (AR)
\caption@tempdima=\dimen141
\captionmargin=\dimen142
\caption@leftmargin=\dimen143
\caption@rightmargin=\dimen144
\caption@width=\dimen145
\caption@indent=\dimen146
\caption@parindent=\dimen147
\caption@hangindent=\dimen148
Package caption Info: Standard document class detected.
)
\c@caption@flags=\count196
\c@continuedfloat=\count197
)
\c@KVtest=\count198
\sf@farskip=\skip50
\sf@captopadj=\dimen149
\sf@capskip=\skip51
\sf@nearskip=\skip52
\c@subfigure=\count199
\c@subfigure@save=\count266
\c@lofdepth=\count267
\c@subtable=\count268
\c@subtable@save=\count269
\c@lotdepth=\count270
\sf@top=\skip53
\sf@bottom=\skip54
) (/usr/share/texlive/texmf-dist/tex/latex/geometry/geometry.sty
Package: geometry 2020/01/02 v5.9 Page Geometry
 (/usr/share/texlive/texmf-dist/tex/generic/iftex/ifvtex.sty
Package: ifvtex 2019/10/25 v1.7 ifvtex legacy package. Use iftex instead.
 (/usr/share/texlive/texmf-dist/tex/generic/iftex/iftex.sty
Package: iftex 2022/02/03 v1.0f TeX engine tests
))
\Gm@cnth=\count271
\Gm@cntv=\count272
\c@Gm@tempcnt=\count273
\Gm@bindingoffset=\dimen150
\Gm@wd@mp=\dimen151
\Gm@odd@mp=\dimen152
\Gm@even@mp=\dimen153
\Gm@layoutwidth=\dimen154
\Gm@layoutheight=\dimen155
\Gm@layouthoffset=\dimen156
\Gm@layoutvoffset=\dimen157
\Gm@dimlist=\toks18
) (/usr/share/texlive/texmf-dist/tex/generic/babel/babel.sty
Package: babel 2024/01/07 v24.1 The Babel package
\babel@savecnt=\count274
\U@D=\dimen158
\l@unhyphenated=\language89
 (/usr/share/texlive/texmf-dist/tex/generic/babel/txtbabel.def)
\bbl@readstream=\read2
\bbl@dirlevel=\count275
 (/usr/share/texlive/texmf-dist/tex/generic/babel-english/english.ldf
Language: english 2017/06/06 v3.3r English support from the babel system
Package babel Info: Hyphen rules for 'canadian' set to \l@english
(babel)             (\language0). Reported on input line 102.
Package babel Info: Hyphen rules for 'australian' set to \l@ukenglish
(babel)             (\language83). Reported on input line 105.
Package babel Info: Hyphen rules for 'newzealand' set to \l@ukenglish
(babel)             (\language83). Reported on input line 108.
)) (/usr/share/texlive/texmf-dist/tex/generic/babel/locale/en/babel-english.tex
Package babel Info: Importing font and identification data for english
(babel)             from babel-en.ini. Reported on input line 11.
) (/usr/share/texlive/texmf-dist/tex/latex/graphics/graphicx.sty
Package: graphicx 2021/09/16 v1.2d Enhanced LaTeX Graphics (DPC,SPQR)
 (/usr/share/texlive/texmf-dist/tex/latex/graphics/graphics.sty
Package: graphics 2022/03/10 v1.4e Standard LaTeX Graphics (DPC,SPQR)
 (/usr/share/texlive/texmf-dist/tex/latex/graphics/trig.sty
Package: trig 2021/08/11 v1.11 sin cos tan (DPC)
) (/usr/share/texlive/texmf-dist/tex/latex/graphics-cfg/graphics.cfg
File: graphics.cfg 2016/06/04 v1.11 sample graphics configuration
)
Package graphics Info: Driver file: pdftex.def on input line 107.
 (/usr/share/texlive/texmf-dist/tex/latex/graphics-def/pdftex.def
File: pdftex.def 2022/09/22 v1.2b Graphics/color driver for pdftex
))
\Gin@req@height=\dimen159
\Gin@req@width=\dimen160
) (/usr/share/texlive/texmf-dist/tex/latex/fancyhdr/fancyhdr.sty
Package: fancyhdr 2022/11/09 v4.1 Extensive control of page headers and footers
\f@nch@headwidth=\skip55
\f@nch@O@elh=\skip56
\f@nch@O@erh=\skip57
\f@nch@O@olh=\skip58
\f@nch@O@orh=\skip59
\f@nch@O@elf=\skip60
\f@nch@O@erf=\skip61
\f@nch@O@olf=\skip62
\f@nch@O@orf=\skip63
) (/usr/share/texlive/texmf-dist/tex/latex/float/float.sty
Package: float 2001/11/08 v1.3d Float enhancements (AL)
\c@float@type=\count276
\float@exts=\toks19
\float@box=\box51
\@float@everytoks=\toks20
\@floatcapt=\box52
) (/usr/share/texlive/texmf-dist/tex/latex/acronym/acronym.sty
Package: acronym 2020/04/17 v1.47 Support for acronyms (Tobias Oetiker)
 (/usr/share/texlive/texmf-dist/tex/latex/bigfoot/suffix.sty
Package: suffix 2006/07/15 1.5a Variant command support
) (/usr/share/texlive/texmf-dist/tex/generic/xstring/xstring.sty (/usr/share/texlive/texmf-dist/tex/generic/xstring/xstring.tex
\xs_counta=\count277
\xs_countb=\count278
)
Package: xstring 2023/08/22 v1.86 String manipulations (CT)
)
\AC@clearlist=\toks21
) (/usr/share/texlive/texmf-dist/tex/latex/hyperref/hyperref.sty
Package: hyperref 2024-01-20 v7.01h Hypertext links for LaTeX
 (/usr/share/texlive/texmf-dist/tex/latex/kvsetkeys/kvsetkeys.sty
Package: kvsetkeys 2022-10-05 v1.19 Key value parser (HO)
) (/usr/share/texlive/texmf-dist/tex/generic/kvdefinekeys/kvdefinekeys.sty
Package: kvdefinekeys 2019-12-19 v1.6 Define keys (HO)
) (/usr/share/texlive/texmf-dist/tex/generic/pdfescape/pdfescape.sty
Package: pdfescape 2019/12/09 v1.15 Implements pdfTeX's escape features (HO)
 (/usr/share/texlive/texmf-dist/tex/generic/ltxcmds/ltxcmds.sty
Package: ltxcmds 2023-12-04 v1.26 LaTeX kernel commands for general use (HO)
) (/usr/share/texlive/texmf-dist/tex/generic/pdftexcmds/pdftexcmds.sty
Package: pdftexcmds 2020-06-27 v0.33 Utility functions of pdfTeX for LuaTeX (HO)
 (/usr/share/texlive/texmf-dist/tex/generic/infwarerr/infwarerr.sty
Package: infwarerr 2019/12/03 v1.5 Providing info/warning/error messages (HO)
)
Package pdftexcmds Info: \pdf@primitive is available.
Package pdftexcmds Info: \pdf@ifprimitive is available.
Package pdftexcmds Info: \pdfdraftmode found.
)) (/usr/share/texlive/texmf-dist/tex/latex/hycolor/hycolor.sty
Package: hycolor 2020-01-27 v1.10 Color options for hyperref/bookmark (HO)
) (/usr/share/texlive/texmf-dist/tex/latex/auxhook/auxhook.sty
Package: auxhook 2019-12-17 v1.6 Hooks for auxiliary files (HO)
) (/usr/share/texlive/texmf-dist/tex/latex/hyperref/nameref.sty
Package: nameref 2023-11-26 v2.56 Cross-referencing by name of section
 (/usr/share/texlive/texmf-dist/tex/latex/refcount/refcount.sty
Package: refcount 2019/12/15 v3.6 Data extraction from label references (HO)
) (/usr/share/texlive/texmf-dist/tex/generic/gettitlestring/gettitlestring.sty
Package: gettitlestring 2019/12/15 v1.6 Cleanup title references (HO)
 (/usr/share/texlive/texmf-dist/tex/latex/kvoptions/kvoptions.sty
Package: kvoptions 2022-06-15 v3.15 Key value format for package options (HO)
))
\c@section@level=\count279
) (/usr/share/texlive/texmf-dist/tex/latex/etoolbox/etoolbox.sty
Package: etoolbox 2020/10/05 v2.5k e-TeX tools for LaTeX (JAW)
\etb@tempcnta=\count280
)
\@linkdim=\dimen161
\Hy@linkcounter=\count281
\Hy@pagecounter=\count282
 (/usr/share/texlive/texmf-dist/tex/latex/hyperref/pd1enc.def
File: pd1enc.def 2024-01-20 v7.01h Hyperref: PDFDocEncoding definition (HO)
Now handling font encoding PD1 ...
... no UTF-8 mapping file for font encoding PD1
) (/usr/share/texlive/texmf-dist/tex/generic/intcalc/intcalc.sty
Package: intcalc 2019/12/15 v1.3 Expandable calculations with integers (HO)
)
\Hy@SavedSpaceFactor=\count283
 (/usr/share/texlive/texmf-dist/tex/latex/hyperref/puenc.def
File: puenc.def 2024-01-20 v7.01h Hyperref: PDF Unicode definition (HO)
Now handling font encoding PU ...
... no UTF-8 mapping file for font encoding PU
)
Package hyperref Info: Hyper figures OFF on input line 4179.
Package hyperref Info: Link nesting OFF on input line 4184.
Package hyperref Info: Hyper index ON on input line 4187.
Package hyperref Info: Plain pages OFF on input line 4194.
Package hyperref Info: Backreferencing OFF on input line 4199.
Package hyperref Info: Implicit mode ON; LaTeX internals redefined.
Package hyperref Info: Bookmarks ON on input line 4446.
\c@Hy@tempcnt=\count284
 (/usr/share/texlive/texmf-dist/tex/latex/url/url.sty
\Urlmuskip=\muskip16
Package: url 2013/09/16  ver 3.4  Verb mode for urls, etc.
)
LaTeX Info: Redefining \url on input line 4784.
\XeTeXLinkMargin=\dimen162
 (/usr/share/texlive/texmf-dist/tex/generic/bitset/bitset.sty
Package: bitset 2019/12/09 v1.3 Handle bit-vector datatype (HO)
 (/usr/share/texlive/texmf-dist/tex/generic/bigintcalc/bigintcalc.sty
Package: bigintcalc 2019/12/15 v1.5 Expandable calculations on big integers (HO)
))
\Fld@menulength=\count285
\Field@Width=\dimen163
\Fld@charsize=\dimen164
Package hyperref Info: Hyper figures OFF on input line 6063.
Package hyperref Info: Link nesting OFF on input line 6068.
Package hyperref Info: Hyper index ON on input line 6071.
Package hyperref Info: backreferencing OFF on input line 6078.
Package hyperref Info: Link coloring OFF on input line 6083.
Package hyperref Info: Link coloring with OCG OFF on input line 6088.
Package hyperref Info: PDF/A mode OFF on input line 6093.
 (/usr/share/texlive/texmf-dist/tex/latex/base/atbegshi-ltx.sty
Package: atbegshi-ltx 2021/01/10 v1.0c Emulation of the original atbegshi
package with kernel methods
)
\Hy@abspage=\count286
\c@Item=\count287
\c@Hfootnote=\count288
)
Package hyperref Info: Driver (autodetected): hpdftex.
 (/usr/share/texlive/texmf-dist/tex/latex/hyperref/hpdftex.def
File: hpdftex.def 2024-01-20 v7.01h Hyperref driver for pdfTeX
 (/usr/share/texlive/texmf-dist/tex/latex/base/atveryend-ltx.sty
Package: atveryend-ltx 2020/08/19 v1.0a Emulation of the original atveryend package
with kernel methods
)
\Fld@listcount=\count289
\c@bookmark@seq@number=\count290
 (/usr/share/texlive/texmf-dist/tex/latex/rerunfilecheck/rerunfilecheck.sty
Package: rerunfilecheck 2022-07-10 v1.10 Rerun checks for auxiliary files (HO)
 (/usr/share/texlive/texmf-dist/tex/generic/uniquecounter/uniquecounter.sty
Package: uniquecounter 2019/12/15 v1.4 Provide unlimited unique counter (HO)
)
Package uniquecounter Info: New unique counter `rerunfilecheck' on input line 285.
)
\Hy@SectionHShift=\skip64
) (/usr/share/texlive/texmf-dist/tex/latex/base/ifthen.sty
Package: ifthen 2022/04/13 v1.1d Standard LaTeX ifthen package (DPC)
)
Package hyperref Info: Option `colorlinks' set `true' on input line 26.
 (/usr/share/texlive/texmf-dist/tex/latex/l3backend/l3backend-pdftex.def
File: l3backend-pdftex.def 2024-01-04 L3 backend support: PDF output (pdfTeX)
\l__color_backend_stack_int=\count291
\l__pdf_internal_box=\box53
) (./main_report.aux (./title_page/title.aux) (./chapters/introduction/introduction.aux) (./chapters/analysis/analysis.aux) (./chapters/analysis/fsm.aux) (./chapters/analysis/pc.aux) (./chapters/analysis/fetch.aux) (./chapters/analysis/decode.aux) (./chapters/analysis/memory_acess.aux) (./chapters/analysis/execute.aux) (./chapters/analysis/writeback.aux) (./chapters/analysis/peripherals/peripherals.aux) (./chapters/analysis/peripherals/interrupt_controler.aux) (./chapters/analysis/peripherals/GPIO.aux) (./chapters/analysis/peripherals/ps2.aux) (./chapters/analysis/peripherals/timer.aux) (./chapters/analysis/peripherals/uart.aux) (./chapters/analysis/peripherals/vga.aux

LaTeX Warning: Label `sec:analysis VGA' multiply defined.

) (./chapters/analysis/pipeline/pipeline.aux) (./chapters/analysis/pipeline/cache.aux) (./chapters/analysis/pipeline/hazard_control.aux) (./chapters/design/design.aux) (./chapters/design/fsm.aux) (./chapters/design/pc.aux) (./chapters/design/fetch.aux) (./chapters/design/decode.aux) (./chapters/design/memory_acess.aux) (./chapters/design/execute.aux) (./chapters/design/writeback.aux) (./chapters/design/peripherals/peripherals.aux) (./chapters/design/peripherals/interrupt_controler.aux) (./chapters/design/peripherals/GPIO.aux) (./chapters/design/peripherals/ps2.aux) (./chapters/design/peripherals/timer.aux) (./chapters/design/peripherals/uart.aux) (./chapters/design/peripherals/vga.aux) (./chapters/design/pipeline/pipeline.aux) (./chapters/design/pipeline/cache.aux) (./chapters/design/pipeline/hazard_control.aux) (./chapters/implementation/implementation.aux) (./chapters/implementation/fsm.aux) (./chapters/implementation/pc.aux) (./chapters/implementation/fetch.aux) (./chapters/implementation/decode.aux) (./chapters/implementation/memory_acess.aux) (./chapters/implementation/execute.aux) (./chapters/implementation/writeback.aux) (./chapters/implementation/peripherals/peripherals.aux) (./chapters/implementation/peripherals/interrupt_controler.aux) (./chapters/implementation/peripherals/GPIO.aux) (./chapters/implementation/peripherals/ps2.aux) (./chapters/implementation/peripherals/timer.aux) (./chapters/implementation/peripherals/uart.aux) (./chapters/implementation/peripherals/vga.aux) (./chapters/implementation/pipeline/pipeline.aux) (./chapters/implementation/pipeline/cache.aux) (./chapters/implementation/pipeline/hazard_control.aux) (./chapters/conclusion/conclusion.aux))
\openout1 = `main_report.aux'.

LaTeX Font Info:    Checking defaults for OML/cmm/m/it on input line 100.
LaTeX Font Info:    ... okay on input line 100.
LaTeX Font Info:    Checking defaults for OMS/cmsy/m/n on input line 100.
LaTeX Font Info:    ... okay on input line 100.
LaTeX Font Info:    Checking defaults for OT1/cmr/m/n on input line 100.
LaTeX Font Info:    ... okay on input line 100.
LaTeX Font Info:    Checking defaults for T1/cmr/m/n on input line 100.
LaTeX Font Info:    ... okay on input line 100.
LaTeX Font Info:    Checking defaults for TS1/cmr/m/n on input line 100.
LaTeX Font Info:    ... okay on input line 100.
LaTeX Font Info:    Checking defaults for OMX/cmex/m/n on input line 100.
LaTeX Font Info:    ... okay on input line 100.
LaTeX Font Info:    Checking defaults for U/cmr/m/n on input line 100.
LaTeX Font Info:    ... okay on input line 100.
LaTeX Font Info:    Checking defaults for PD1/pdf/m/n on input line 100.
LaTeX Font Info:    ... okay on input line 100.
LaTeX Font Info:    Checking defaults for PU/pdf/m/n on input line 100.
LaTeX Font Info:    ... okay on input line 100.
Package caption Info: Begin \AtBeginDocument code.
Package caption Info: subfig package v1.3 is loaded.
Package caption Info: float package is loaded.
Package caption Info: hyperref package is loaded.
Package caption Info: End \AtBeginDocument code.

*geometry* driver: auto-detecting
*geometry* detected driver: pdftex
*geometry* verbose mode - [ preamble ] result:
* driver: pdftex
* paper: a4paper
* layout: <same size as paper>
* layoutoffset:(h,v)=(0.0pt,0.0pt)
* modes: 
* h-part:(L,W,R)=(72.26999pt, 452.9679pt, 72.26999pt)
* v-part:(T,H,B)=(72.26999pt, 700.50687pt, 72.26999pt)
* \paperwidth=597.50787pt
* \paperheight=845.04684pt
* \textwidth=452.9679pt
* \textheight=700.50687pt
* \oddsidemargin=0.0pt
* \evensidemargin=0.0pt
* \topmargin=-77.26999pt
* \headheight=72.26999pt
* \headsep=5.0pt
* \topskip=11.0pt
* \footskip=30.0pt
* \marginparwidth=59.0pt
* \marginparsep=10.0pt
* \columnsep=10.0pt
* \skip\footins=10.0pt plus 4.0pt minus 2.0pt
* \hoffset=0.0pt
* \voffset=0.0pt
* \mag=1000
* \@twocolumnfalse
* \@twosidefalse
* \@mparswitchfalse
* \@reversemarginfalse
* (1in=72.27pt=25.4mm, 1cm=28.453pt)

(/usr/share/texlive/texmf-dist/tex/context/base/mkii/supp-pdf.mkii
[Loading MPS to PDF converter (version 2006.09.02).]
\scratchcounter=\count292
\scratchdimen=\dimen165
\scratchbox=\box54
\nofMPsegments=\count293
\nofMParguments=\count294
\everyMPshowfont=\toks22
\MPscratchCnt=\count295
\MPscratchDim=\dimen166
\MPnumerator=\count296
\makeMPintoPDFobject=\count297
\everyMPtoPDFconversion=\toks23
) (/usr/share/texlive/texmf-dist/tex/latex/epstopdf-pkg/epstopdf-base.sty
Package: epstopdf-base 2020-01-24 v2.11 Base part for package epstopdf
Package epstopdf-base Info: Redefining graphics rule for `.eps' on input line 485.
 (/usr/share/texlive/texmf-dist/tex/latex/latexconfig/epstopdf-sys.cfg
File: epstopdf-sys.cfg 2010/07/13 v1.3 Configuration of (r)epstopdf for TeX Live
)) (/usr/share/texlive/texmf-dist/tex/latex/graphics/color.sty
Package: color 2022/01/06 v1.3d Standard LaTeX Color (DPC)
 (/usr/share/texlive/texmf-dist/tex/latex/graphics-cfg/color.cfg
File: color.cfg 2016/01/02 v1.6 sample color configuration
)
Package color Info: Driver file: pdftex.def on input line 149.
 (/usr/share/texlive/texmf-dist/tex/latex/graphics/mathcolor.ltx))
Package hyperref Info: Link coloring ON on input line 100.
 (./main_report.out) (./main_report.out)
\@outlinefile=\write3
\openout3 = `main_report.out'.

\openout2 = `title_page/title.aux'.

 (./title_page/title.tex
<images/ENG-EN.png, id=249, 301.125pt x 273.02pt>
File: images/ENG-EN.png Graphic file (type png)
<use images/ENG-EN.png>
Package pdftex.def Info: images/ENG-EN.png  used on input line 3.
(pdftex.def)             Requested size: 135.89174pt x 123.21196pt.
<images/Labs-ESRG-resized.png, id=251, 580.1675pt x 545.03625pt>
File: images/Labs-ESRG-resized.png Graphic file (type png)
<use images/Labs-ESRG-resized.png>
Package pdftex.def Info: images/Labs-ESRG-resized.png  used on input line 7.
(pdftex.def)             Requested size: 113.24197pt x 106.37727pt.
) [1


{/var/lib/texmf/fonts/map/pdftex/updmap/pdftex.map} <./images/ENG-EN.png> <./images/Labs-ESRG-resized.png>] (./main_report.toc
LaTeX Font Info:    External font `cmex10' loaded for size
(Font)              <10.95> on input line 3.
LaTeX Font Info:    External font `cmex10' loaded for size
(Font)              <8> on input line 3.
LaTeX Font Info:    External font `cmex10' loaded for size
(Font)              <6> on input line 3.
 [1



])
\tf@toc=\write4
\openout4 = `main_report.toc'.

File: images/Labs-ESRG-resized.png Graphic file (type png)
<use images/Labs-ESRG-resized.png>
Package pdftex.def Info: images/Labs-ESRG-resized.png  used on input line 107.
(pdftex.def)             Requested size: 45.29955pt x 42.5559pt.
<images/TOP_ENG_LOGO.png, id=331, 1204.5pt x 632.3625pt>
File: images/TOP_ENG_LOGO.png Graphic file (type png)
<use images/TOP_ENG_LOGO.png>
Package pdftex.def Info: images/TOP_ENG_LOGO.png  used on input line 107.
(pdftex.def)             Requested size: 77.00371pt x 40.41992pt.
 [2 <./images/TOP_ENG_LOGO.png (PNG copy)>] (./main_report.lof)
\tf@lof=\write5
\openout5 = `main_report.lof'.

 [3

] (./main_report.lot)
\tf@lot=\write6
\openout6 = `main_report.lot'.



LaTeX Warning: Hyper reference `acro:UART' on page iv undefined on input line 112.


LaTeX Warning: Hyper reference `acro:UART' on page iv undefined on input line 112.

[4

]
\openout2 = `chapters/introduction/introduction.aux'.

 (./chapters/introduction/introduction.tex
Chapter 1.
)
pdfTeX warning (ext4): destination with the same identifier (name{page.1}) has been already used, duplicate ignored
<to be read again> 
                   \relax 
l.123 ...clude{chapters/introduction/introduction}
                                                   [1


{/usr/share/texmf/fonts/enc/dvips/cm-super/cm-super-ts1.enc}]
File: images/Labs-ESRG-resized.png Graphic file (type png)
<use images/Labs-ESRG-resized.png>
Package pdftex.def Info: images/Labs-ESRG-resized.png  used on input line 123.
(pdftex.def)             Requested size: 45.29955pt x 42.5559pt.
File: images/TOP_ENG_LOGO.png Graphic file (type png)
<use images/TOP_ENG_LOGO.png>
Package pdftex.def Info: images/TOP_ENG_LOGO.png  used on input line 123.
(pdftex.def)             Requested size: 77.00371pt x 40.41992pt.
 [2]
\openout2 = `chapters/analysis/analysis.aux'.

 (./chapters/analysis/analysis.tex
Chapter 2.
) [3




]
\openout2 = `chapters/analysis/fsm.aux'.

 (./chapters/analysis/fsm.tex)
File: images/Labs-ESRG-resized.png Graphic file (type png)
<use images/Labs-ESRG-resized.png>
Package pdftex.def Info: images/Labs-ESRG-resized.png  used on input line 127.
(pdftex.def)             Requested size: 45.29955pt x 42.5559pt.
File: images/TOP_ENG_LOGO.png Graphic file (type png)
<use images/TOP_ENG_LOGO.png>
Package pdftex.def Info: images/TOP_ENG_LOGO.png  used on input line 127.
(pdftex.def)             Requested size: 77.00371pt x 40.41992pt.
 [4



]
\openout2 = `chapters/analysis/pc.aux'.

 (./chapters/analysis/pc.tex)
File: images/Labs-ESRG-resized.png Graphic file (type png)
<use images/Labs-ESRG-resized.png>
Package pdftex.def Info: images/Labs-ESRG-resized.png  used on input line 128.
(pdftex.def)             Requested size: 45.29955pt x 42.5559pt.
File: images/TOP_ENG_LOGO.png Graphic file (type png)
<use images/TOP_ENG_LOGO.png>
Package pdftex.def Info: images/TOP_ENG_LOGO.png  used on input line 128.
(pdftex.def)             Requested size: 77.00371pt x 40.41992pt.
 [5



]
\openout2 = `chapters/analysis/fetch.aux'.

 (./chapters/analysis/fetch.tex)
File: images/Labs-ESRG-resized.png Graphic file (type png)
<use images/Labs-ESRG-resized.png>
Package pdftex.def Info: images/Labs-ESRG-resized.png  used on input line 129.
(pdftex.def)             Requested size: 45.29955pt x 42.5559pt.
File: images/TOP_ENG_LOGO.png Graphic file (type png)
<use images/TOP_ENG_LOGO.png>
Package pdftex.def Info: images/TOP_ENG_LOGO.png  used on input line 129.
(pdftex.def)             Requested size: 77.00371pt x 40.41992pt.
 [6



]
\openout2 = `chapters/analysis/decode.aux'.

 (./chapters/analysis/decode.tex)
File: images/Labs-ESRG-resized.png Graphic file (type png)
<use images/Labs-ESRG-resized.png>
Package pdftex.def Info: images/Labs-ESRG-resized.png  used on input line 130.
(pdftex.def)             Requested size: 45.29955pt x 42.5559pt.
File: images/TOP_ENG_LOGO.png Graphic file (type png)
<use images/TOP_ENG_LOGO.png>
Package pdftex.def Info: images/TOP_ENG_LOGO.png  used on input line 130.
(pdftex.def)             Requested size: 77.00371pt x 40.41992pt.
 [7



]
\openout2 = `chapters/analysis/memory_acess.aux'.

 (./chapters/analysis/memory_acess.tex)
File: images/Labs-ESRG-resized.png Graphic file (type png)
<use images/Labs-ESRG-resized.png>
Package pdftex.def Info: images/Labs-ESRG-resized.png  used on input line 131.
(pdftex.def)             Requested size: 45.29955pt x 42.5559pt.
File: images/TOP_ENG_LOGO.png Graphic file (type png)
<use images/TOP_ENG_LOGO.png>
Package pdftex.def Info: images/TOP_ENG_LOGO.png  used on input line 131.
(pdftex.def)             Requested size: 77.00371pt x 40.41992pt.
 [8



]
\openout2 = `chapters/analysis/execute.aux'.

 (./chapters/analysis/execute.tex)
File: images/Labs-ESRG-resized.png Graphic file (type png)
<use images/Labs-ESRG-resized.png>
Package pdftex.def Info: images/Labs-ESRG-resized.png  used on input line 132.
(pdftex.def)             Requested size: 45.29955pt x 42.5559pt.
File: images/TOP_ENG_LOGO.png Graphic file (type png)
<use images/TOP_ENG_LOGO.png>
Package pdftex.def Info: images/TOP_ENG_LOGO.png  used on input line 132.
(pdftex.def)             Requested size: 77.00371pt x 40.41992pt.
 [9



]
\openout2 = `chapters/analysis/writeback.aux'.

 (./chapters/analysis/writeback.tex)
File: images/Labs-ESRG-resized.png Graphic file (type png)
<use images/Labs-ESRG-resized.png>
Package pdftex.def Info: images/Labs-ESRG-resized.png  used on input line 133.
(pdftex.def)             Requested size: 45.29955pt x 42.5559pt.
File: images/TOP_ENG_LOGO.png Graphic file (type png)
<use images/TOP_ENG_LOGO.png>
Package pdftex.def Info: images/TOP_ENG_LOGO.png  used on input line 133.
(pdftex.def)             Requested size: 77.00371pt x 40.41992pt.
 [10



]
\openout2 = `chapters/analysis/peripherals/peripherals.aux'.

 (./chapters/analysis/peripherals/peripherals.tex)
File: images/Labs-ESRG-resized.png Graphic file (type png)
<use images/Labs-ESRG-resized.png>
Package pdftex.def Info: images/Labs-ESRG-resized.png  used on input line 134.
(pdftex.def)             Requested size: 45.29955pt x 42.5559pt.
File: images/TOP_ENG_LOGO.png Graphic file (type png)
<use images/TOP_ENG_LOGO.png>
Package pdftex.def Info: images/TOP_ENG_LOGO.png  used on input line 134.
(pdftex.def)             Requested size: 77.00371pt x 40.41992pt.
 [11



]
\openout2 = `chapters/analysis/peripherals/interrupt_controler.aux'.

 (./chapters/analysis/peripherals/interrupt_controler.tex)
File: images/Labs-ESRG-resized.png Graphic file (type png)
<use images/Labs-ESRG-resized.png>
Package pdftex.def Info: images/Labs-ESRG-resized.png  used on input line 135.
(pdftex.def)             Requested size: 45.29955pt x 42.5559pt.
File: images/TOP_ENG_LOGO.png Graphic file (type png)
<use images/TOP_ENG_LOGO.png>
Package pdftex.def Info: images/TOP_ENG_LOGO.png  used on input line 135.
(pdftex.def)             Requested size: 77.00371pt x 40.41992pt.
 [12



]
\openout2 = `chapters/analysis/peripherals/GPIO.aux'.

 (./chapters/analysis/peripherals/GPIO.tex)
File: images/Labs-ESRG-resized.png Graphic file (type png)
<use images/Labs-ESRG-resized.png>
Package pdftex.def Info: images/Labs-ESRG-resized.png  used on input line 136.
(pdftex.def)             Requested size: 45.29955pt x 42.5559pt.
File: images/TOP_ENG_LOGO.png Graphic file (type png)
<use images/TOP_ENG_LOGO.png>
Package pdftex.def Info: images/TOP_ENG_LOGO.png  used on input line 136.
(pdftex.def)             Requested size: 77.00371pt x 40.41992pt.
 [13



]
\openout2 = `chapters/analysis/peripherals/ps2.aux'.

 (./chapters/analysis/peripherals/ps2.tex)
File: images/Labs-ESRG-resized.png Graphic file (type png)
<use images/Labs-ESRG-resized.png>
Package pdftex.def Info: images/Labs-ESRG-resized.png  used on input line 137.
(pdftex.def)             Requested size: 45.29955pt x 42.5559pt.
File: images/TOP_ENG_LOGO.png Graphic file (type png)
<use images/TOP_ENG_LOGO.png>
Package pdftex.def Info: images/TOP_ENG_LOGO.png  used on input line 137.
(pdftex.def)             Requested size: 77.00371pt x 40.41992pt.
 [14



]
\openout2 = `chapters/analysis/peripherals/timer.aux'.

 (./chapters/analysis/peripherals/timer.tex)
File: images/Labs-ESRG-resized.png Graphic file (type png)
<use images/Labs-ESRG-resized.png>
Package pdftex.def Info: images/Labs-ESRG-resized.png  used on input line 138.
(pdftex.def)             Requested size: 45.29955pt x 42.5559pt.
File: images/TOP_ENG_LOGO.png Graphic file (type png)
<use images/TOP_ENG_LOGO.png>
Package pdftex.def Info: images/TOP_ENG_LOGO.png  used on input line 138.
(pdftex.def)             Requested size: 77.00371pt x 40.41992pt.
 [15



]
\openout2 = `chapters/analysis/peripherals/uart.aux'.

 (./chapters/analysis/peripherals/uart.tex)
File: images/Labs-ESRG-resized.png Graphic file (type png)
<use images/Labs-ESRG-resized.png>
Package pdftex.def Info: images/Labs-ESRG-resized.png  used on input line 139.
(pdftex.def)             Requested size: 45.29955pt x 42.5559pt.
File: images/TOP_ENG_LOGO.png Graphic file (type png)
<use images/TOP_ENG_LOGO.png>
Package pdftex.def Info: images/TOP_ENG_LOGO.png  used on input line 139.
(pdftex.def)             Requested size: 77.00371pt x 40.41992pt.
 [16



]
\openout2 = `chapters/analysis/peripherals/vga.aux'.

 (./chapters/analysis/peripherals/vga.tex)
File: images/Labs-ESRG-resized.png Graphic file (type png)
<use images/Labs-ESRG-resized.png>
Package pdftex.def Info: images/Labs-ESRG-resized.png  used on input line 140.
(pdftex.def)             Requested size: 45.29955pt x 42.5559pt.
File: images/TOP_ENG_LOGO.png Graphic file (type png)
<use images/TOP_ENG_LOGO.png>
Package pdftex.def Info: images/TOP_ENG_LOGO.png  used on input line 140.
(pdftex.def)             Requested size: 77.00371pt x 40.41992pt.
 [17



]
\openout2 = `chapters/analysis/pipeline/pipeline.aux'.

 (./chapters/analysis/pipeline/pipeline.tex)
File: images/Labs-ESRG-resized.png Graphic file (type png)
<use images/Labs-ESRG-resized.png>
Package pdftex.def Info: images/Labs-ESRG-resized.png  used on input line 141.
(pdftex.def)             Requested size: 45.29955pt x 42.5559pt.
File: images/TOP_ENG_LOGO.png Graphic file (type png)
<use images/TOP_ENG_LOGO.png>
Package pdftex.def Info: images/TOP_ENG_LOGO.png  used on input line 141.
(pdftex.def)             Requested size: 77.00371pt x 40.41992pt.
 [18



]
\openout2 = `chapters/analysis/pipeline/cache.aux'.

 (./chapters/analysis/pipeline/cache.tex)
File: images/Labs-ESRG-resized.png Graphic file (type png)
<use images/Labs-ESRG-resized.png>
Package pdftex.def Info: images/Labs-ESRG-resized.png  used on input line 142.
(pdftex.def)             Requested size: 45.29955pt x 42.5559pt.
File: images/TOP_ENG_LOGO.png Graphic file (type png)
<use images/TOP_ENG_LOGO.png>
Package pdftex.def Info: images/TOP_ENG_LOGO.png  used on input line 142.
(pdftex.def)             Requested size: 77.00371pt x 40.41992pt.
 [19



]
\openout2 = `chapters/analysis/pipeline/hazard_control.aux'.

 (./chapters/analysis/pipeline/hazard_control.tex)
File: images/Labs-ESRG-resized.png Graphic file (type png)
<use images/Labs-ESRG-resized.png>
Package pdftex.def Info: images/Labs-ESRG-resized.png  used on input line 143.
(pdftex.def)             Requested size: 45.29955pt x 42.5559pt.
File: images/TOP_ENG_LOGO.png Graphic file (type png)
<use images/TOP_ENG_LOGO.png>
Package pdftex.def Info: images/TOP_ENG_LOGO.png  used on input line 143.
(pdftex.def)             Requested size: 77.00371pt x 40.41992pt.
 [20



]
\openout2 = `chapters/design/design.aux'.

 (./chapters/design/design.tex
Chapter 3.
) [21




]
\openout2 = `chapters/design/fsm.aux'.

 (./chapters/design/fsm.tex)
File: images/Labs-ESRG-resized.png Graphic file (type png)
<use images/Labs-ESRG-resized.png>
Package pdftex.def Info: images/Labs-ESRG-resized.png  used on input line 148.
(pdftex.def)             Requested size: 45.29955pt x 42.5559pt.
File: images/TOP_ENG_LOGO.png Graphic file (type png)
<use images/TOP_ENG_LOGO.png>
Package pdftex.def Info: images/TOP_ENG_LOGO.png  used on input line 148.
(pdftex.def)             Requested size: 77.00371pt x 40.41992pt.
 [22



]
\openout2 = `chapters/design/pc.aux'.

 (./chapters/design/pc.tex)
File: images/Labs-ESRG-resized.png Graphic file (type png)
<use images/Labs-ESRG-resized.png>
Package pdftex.def Info: images/Labs-ESRG-resized.png  used on input line 149.
(pdftex.def)             Requested size: 45.29955pt x 42.5559pt.
File: images/TOP_ENG_LOGO.png Graphic file (type png)
<use images/TOP_ENG_LOGO.png>
Package pdftex.def Info: images/TOP_ENG_LOGO.png  used on input line 149.
(pdftex.def)             Requested size: 77.00371pt x 40.41992pt.
 [23



]
\openout2 = `chapters/design/fetch.aux'.

 (./chapters/design/fetch.tex)
File: images/Labs-ESRG-resized.png Graphic file (type png)
<use images/Labs-ESRG-resized.png>
Package pdftex.def Info: images/Labs-ESRG-resized.png  used on input line 150.
(pdftex.def)             Requested size: 45.29955pt x 42.5559pt.
File: images/TOP_ENG_LOGO.png Graphic file (type png)
<use images/TOP_ENG_LOGO.png>
Package pdftex.def Info: images/TOP_ENG_LOGO.png  used on input line 150.
(pdftex.def)             Requested size: 77.00371pt x 40.41992pt.
 [24



]
\openout2 = `chapters/design/decode.aux'.

 (./chapters/design/decode.tex)
File: images/Labs-ESRG-resized.png Graphic file (type png)
<use images/Labs-ESRG-resized.png>
Package pdftex.def Info: images/Labs-ESRG-resized.png  used on input line 151.
(pdftex.def)             Requested size: 45.29955pt x 42.5559pt.
File: images/TOP_ENG_LOGO.png Graphic file (type png)
<use images/TOP_ENG_LOGO.png>
Package pdftex.def Info: images/TOP_ENG_LOGO.png  used on input line 151.
(pdftex.def)             Requested size: 77.00371pt x 40.41992pt.
 [25



]
\openout2 = `chapters/design/memory_acess.aux'.

 (./chapters/design/memory_acess.tex)
File: images/Labs-ESRG-resized.png Graphic file (type png)
<use images/Labs-ESRG-resized.png>
Package pdftex.def Info: images/Labs-ESRG-resized.png  used on input line 152.
(pdftex.def)             Requested size: 45.29955pt x 42.5559pt.
File: images/TOP_ENG_LOGO.png Graphic file (type png)
<use images/TOP_ENG_LOGO.png>
Package pdftex.def Info: images/TOP_ENG_LOGO.png  used on input line 152.
(pdftex.def)             Requested size: 77.00371pt x 40.41992pt.
 [26



]
\openout2 = `chapters/design/execute.aux'.

 (./chapters/design/execute.tex)
File: images/Labs-ESRG-resized.png Graphic file (type png)
<use images/Labs-ESRG-resized.png>
Package pdftex.def Info: images/Labs-ESRG-resized.png  used on input line 153.
(pdftex.def)             Requested size: 45.29955pt x 42.5559pt.
File: images/TOP_ENG_LOGO.png Graphic file (type png)
<use images/TOP_ENG_LOGO.png>
Package pdftex.def Info: images/TOP_ENG_LOGO.png  used on input line 153.
(pdftex.def)             Requested size: 77.00371pt x 40.41992pt.
 [27



]
\openout2 = `chapters/design/writeback.aux'.

 (./chapters/design/writeback.tex)
File: images/Labs-ESRG-resized.png Graphic file (type png)
<use images/Labs-ESRG-resized.png>
Package pdftex.def Info: images/Labs-ESRG-resized.png  used on input line 154.
(pdftex.def)             Requested size: 45.29955pt x 42.5559pt.
File: images/TOP_ENG_LOGO.png Graphic file (type png)
<use images/TOP_ENG_LOGO.png>
Package pdftex.def Info: images/TOP_ENG_LOGO.png  used on input line 154.
(pdftex.def)             Requested size: 77.00371pt x 40.41992pt.
 [28



]
\openout2 = `chapters/design/peripherals/peripherals.aux'.

 (./chapters/design/peripherals/peripherals.tex)
File: images/Labs-ESRG-resized.png Graphic file (type png)
<use images/Labs-ESRG-resized.png>
Package pdftex.def Info: images/Labs-ESRG-resized.png  used on input line 155.
(pdftex.def)             Requested size: 45.29955pt x 42.5559pt.
File: images/TOP_ENG_LOGO.png Graphic file (type png)
<use images/TOP_ENG_LOGO.png>
Package pdftex.def Info: images/TOP_ENG_LOGO.png  used on input line 155.
(pdftex.def)             Requested size: 77.00371pt x 40.41992pt.
 [29



]
\openout2 = `chapters/design/peripherals/interrupt_controler.aux'.

 (./chapters/design/peripherals/interrupt_controler.tex)
File: images/Labs-ESRG-resized.png Graphic file (type png)
<use images/Labs-ESRG-resized.png>
Package pdftex.def Info: images/Labs-ESRG-resized.png  used on input line 156.
(pdftex.def)             Requested size: 45.29955pt x 42.5559pt.
File: images/TOP_ENG_LOGO.png Graphic file (type png)
<use images/TOP_ENG_LOGO.png>
Package pdftex.def Info: images/TOP_ENG_LOGO.png  used on input line 156.
(pdftex.def)             Requested size: 77.00371pt x 40.41992pt.
 [30



]
\openout2 = `chapters/design/peripherals/GPIO.aux'.

 (./chapters/design/peripherals/GPIO.tex)
File: images/Labs-ESRG-resized.png Graphic file (type png)
<use images/Labs-ESRG-resized.png>
Package pdftex.def Info: images/Labs-ESRG-resized.png  used on input line 157.
(pdftex.def)             Requested size: 45.29955pt x 42.5559pt.
File: images/TOP_ENG_LOGO.png Graphic file (type png)
<use images/TOP_ENG_LOGO.png>
Package pdftex.def Info: images/TOP_ENG_LOGO.png  used on input line 157.
(pdftex.def)             Requested size: 77.00371pt x 40.41992pt.
 [31



]
\openout2 = `chapters/design/peripherals/ps2.aux'.

 (./chapters/design/peripherals/ps2.tex)
File: images/Labs-ESRG-resized.png Graphic file (type png)
<use images/Labs-ESRG-resized.png>
Package pdftex.def Info: images/Labs-ESRG-resized.png  used on input line 158.
(pdftex.def)             Requested size: 45.29955pt x 42.5559pt.
File: images/TOP_ENG_LOGO.png Graphic file (type png)
<use images/TOP_ENG_LOGO.png>
Package pdftex.def Info: images/TOP_ENG_LOGO.png  used on input line 158.
(pdftex.def)             Requested size: 77.00371pt x 40.41992pt.
 [32



]
\openout2 = `chapters/design/peripherals/timer.aux'.

 (./chapters/design/peripherals/timer.tex)
File: images/Labs-ESRG-resized.png Graphic file (type png)
<use images/Labs-ESRG-resized.png>
Package pdftex.def Info: images/Labs-ESRG-resized.png  used on input line 159.
(pdftex.def)             Requested size: 45.29955pt x 42.5559pt.
File: images/TOP_ENG_LOGO.png Graphic file (type png)
<use images/TOP_ENG_LOGO.png>
Package pdftex.def Info: images/TOP_ENG_LOGO.png  used on input line 159.
(pdftex.def)             Requested size: 77.00371pt x 40.41992pt.
 [33



]
\openout2 = `chapters/design/peripherals/uart.aux'.

 (./chapters/design/peripherals/uart.tex)
File: images/Labs-ESRG-resized.png Graphic file (type png)
<use images/Labs-ESRG-resized.png>
Package pdftex.def Info: images/Labs-ESRG-resized.png  used on input line 160.
(pdftex.def)             Requested size: 45.29955pt x 42.5559pt.
File: images/TOP_ENG_LOGO.png Graphic file (type png)
<use images/TOP_ENG_LOGO.png>
Package pdftex.def Info: images/TOP_ENG_LOGO.png  used on input line 160.
(pdftex.def)             Requested size: 77.00371pt x 40.41992pt.
 [34



]
\openout2 = `chapters/design/peripherals/vga.aux'.

 (./chapters/design/peripherals/vga.tex)
File: images/Labs-ESRG-resized.png Graphic file (type png)
<use images/Labs-ESRG-resized.png>
Package pdftex.def Info: images/Labs-ESRG-resized.png  used on input line 161.
(pdftex.def)             Requested size: 45.29955pt x 42.5559pt.
File: images/TOP_ENG_LOGO.png Graphic file (type png)
<use images/TOP_ENG_LOGO.png>
Package pdftex.def Info: images/TOP_ENG_LOGO.png  used on input line 161.
(pdftex.def)             Requested size: 77.00371pt x 40.41992pt.
 [35



]
\openout2 = `chapters/design/pipeline/pipeline.aux'.

 (./chapters/design/pipeline/pipeline.tex)
File: images/Labs-ESRG-resized.png Graphic file (type png)
<use images/Labs-ESRG-resized.png>
Package pdftex.def Info: images/Labs-ESRG-resized.png  used on input line 162.
(pdftex.def)             Requested size: 45.29955pt x 42.5559pt.
File: images/TOP_ENG_LOGO.png Graphic file (type png)
<use images/TOP_ENG_LOGO.png>
Package pdftex.def Info: images/TOP_ENG_LOGO.png  used on input line 162.
(pdftex.def)             Requested size: 77.00371pt x 40.41992pt.
 [36



]
\openout2 = `chapters/design/pipeline/cache.aux'.

 (./chapters/design/pipeline/cache.tex)
File: images/Labs-ESRG-resized.png Graphic file (type png)
<use images/Labs-ESRG-resized.png>
Package pdftex.def Info: images/Labs-ESRG-resized.png  used on input line 163.
(pdftex.def)             Requested size: 45.29955pt x 42.5559pt.
File: images/TOP_ENG_LOGO.png Graphic file (type png)
<use images/TOP_ENG_LOGO.png>
Package pdftex.def Info: images/TOP_ENG_LOGO.png  used on input line 163.
(pdftex.def)             Requested size: 77.00371pt x 40.41992pt.
 [37



]
\openout2 = `chapters/design/pipeline/hazard_control.aux'.

 (./chapters/design/pipeline/hazard_control.tex)
File: images/Labs-ESRG-resized.png Graphic file (type png)
<use images/Labs-ESRG-resized.png>
Package pdftex.def Info: images/Labs-ESRG-resized.png  used on input line 164.
(pdftex.def)             Requested size: 45.29955pt x 42.5559pt.
File: images/TOP_ENG_LOGO.png Graphic file (type png)
<use images/TOP_ENG_LOGO.png>
Package pdftex.def Info: images/TOP_ENG_LOGO.png  used on input line 164.
(pdftex.def)             Requested size: 77.00371pt x 40.41992pt.
 [38



]
\openout2 = `chapters/implementation/implementation.aux'.

 (./chapters/implementation/implementation.tex
Chapter 4.
) [39




]
\openout2 = `chapters/implementation/fsm.aux'.

 (./chapters/implementation/fsm.tex)
File: images/Labs-ESRG-resized.png Graphic file (type png)
<use images/Labs-ESRG-resized.png>
Package pdftex.def Info: images/Labs-ESRG-resized.png  used on input line 168.
(pdftex.def)             Requested size: 45.29955pt x 42.5559pt.
File: images/TOP_ENG_LOGO.png Graphic file (type png)
<use images/TOP_ENG_LOGO.png>
Package pdftex.def Info: images/TOP_ENG_LOGO.png  used on input line 168.
(pdftex.def)             Requested size: 77.00371pt x 40.41992pt.
 [40



]
\openout2 = `chapters/implementation/pc.aux'.

 (./chapters/implementation/pc.tex)
File: images/Labs-ESRG-resized.png Graphic file (type png)
<use images/Labs-ESRG-resized.png>
Package pdftex.def Info: images/Labs-ESRG-resized.png  used on input line 169.
(pdftex.def)             Requested size: 45.29955pt x 42.5559pt.
File: images/TOP_ENG_LOGO.png Graphic file (type png)
<use images/TOP_ENG_LOGO.png>
Package pdftex.def Info: images/TOP_ENG_LOGO.png  used on input line 169.
(pdftex.def)             Requested size: 77.00371pt x 40.41992pt.
 [41



]
\openout2 = `chapters/implementation/fetch.aux'.

 (./chapters/implementation/fetch.tex)
File: images/Labs-ESRG-resized.png Graphic file (type png)
<use images/Labs-ESRG-resized.png>
Package pdftex.def Info: images/Labs-ESRG-resized.png  used on input line 170.
(pdftex.def)             Requested size: 45.29955pt x 42.5559pt.
File: images/TOP_ENG_LOGO.png Graphic file (type png)
<use images/TOP_ENG_LOGO.png>
Package pdftex.def Info: images/TOP_ENG_LOGO.png  used on input line 170.
(pdftex.def)             Requested size: 77.00371pt x 40.41992pt.
 [42



]
\openout2 = `chapters/implementation/decode.aux'.

 (./chapters/implementation/decode.tex)
File: images/Labs-ESRG-resized.png Graphic file (type png)
<use images/Labs-ESRG-resized.png>
Package pdftex.def Info: images/Labs-ESRG-resized.png  used on input line 171.
(pdftex.def)             Requested size: 45.29955pt x 42.5559pt.
File: images/TOP_ENG_LOGO.png Graphic file (type png)
<use images/TOP_ENG_LOGO.png>
Package pdftex.def Info: images/TOP_ENG_LOGO.png  used on input line 171.
(pdftex.def)             Requested size: 77.00371pt x 40.41992pt.
 [43



]
\openout2 = `chapters/implementation/memory_acess.aux'.

 (./chapters/implementation/memory_acess.tex)
File: images/Labs-ESRG-resized.png Graphic file (type png)
<use images/Labs-ESRG-resized.png>
Package pdftex.def Info: images/Labs-ESRG-resized.png  used on input line 172.
(pdftex.def)             Requested size: 45.29955pt x 42.5559pt.
File: images/TOP_ENG_LOGO.png Graphic file (type png)
<use images/TOP_ENG_LOGO.png>
Package pdftex.def Info: images/TOP_ENG_LOGO.png  used on input line 172.
(pdftex.def)             Requested size: 77.00371pt x 40.41992pt.
 [44



]
\openout2 = `chapters/implementation/execute.aux'.

 (./chapters/implementation/execute.tex)
File: images/Labs-ESRG-resized.png Graphic file (type png)
<use images/Labs-ESRG-resized.png>
Package pdftex.def Info: images/Labs-ESRG-resized.png  used on input line 173.
(pdftex.def)             Requested size: 45.29955pt x 42.5559pt.
File: images/TOP_ENG_LOGO.png Graphic file (type png)
<use images/TOP_ENG_LOGO.png>
Package pdftex.def Info: images/TOP_ENG_LOGO.png  used on input line 173.
(pdftex.def)             Requested size: 77.00371pt x 40.41992pt.
 [45



]
\openout2 = `chapters/implementation/writeback.aux'.

 (./chapters/implementation/writeback.tex)
File: images/Labs-ESRG-resized.png Graphic file (type png)
<use images/Labs-ESRG-resized.png>
Package pdftex.def Info: images/Labs-ESRG-resized.png  used on input line 174.
(pdftex.def)             Requested size: 45.29955pt x 42.5559pt.
File: images/TOP_ENG_LOGO.png Graphic file (type png)
<use images/TOP_ENG_LOGO.png>
Package pdftex.def Info: images/TOP_ENG_LOGO.png  used on input line 174.
(pdftex.def)             Requested size: 77.00371pt x 40.41992pt.
 [46



]
\openout2 = `chapters/implementation/peripherals/peripherals.aux'.

 (./chapters/implementation/peripherals/peripherals.tex)
File: images/Labs-ESRG-resized.png Graphic file (type png)
<use images/Labs-ESRG-resized.png>
Package pdftex.def Info: images/Labs-ESRG-resized.png  used on input line 175.
(pdftex.def)             Requested size: 45.29955pt x 42.5559pt.
File: images/TOP_ENG_LOGO.png Graphic file (type png)
<use images/TOP_ENG_LOGO.png>
Package pdftex.def Info: images/TOP_ENG_LOGO.png  used on input line 175.
(pdftex.def)             Requested size: 77.00371pt x 40.41992pt.
 [47



]
\openout2 = `chapters/implementation/peripherals/interrupt_controler.aux'.

 (./chapters/implementation/peripherals/interrupt_controler.tex)
File: images/Labs-ESRG-resized.png Graphic file (type png)
<use images/Labs-ESRG-resized.png>
Package pdftex.def Info: images/Labs-ESRG-resized.png  used on input line 176.
(pdftex.def)             Requested size: 45.29955pt x 42.5559pt.
File: images/TOP_ENG_LOGO.png Graphic file (type png)
<use images/TOP_ENG_LOGO.png>
Package pdftex.def Info: images/TOP_ENG_LOGO.png  used on input line 176.
(pdftex.def)             Requested size: 77.00371pt x 40.41992pt.
 [48



]
\openout2 = `chapters/implementation/peripherals/GPIO.aux'.

 (./chapters/implementation/peripherals/GPIO.tex)
File: images/Labs-ESRG-resized.png Graphic file (type png)
<use images/Labs-ESRG-resized.png>
Package pdftex.def Info: images/Labs-ESRG-resized.png  used on input line 177.
(pdftex.def)             Requested size: 45.29955pt x 42.5559pt.
File: images/TOP_ENG_LOGO.png Graphic file (type png)
<use images/TOP_ENG_LOGO.png>
Package pdftex.def Info: images/TOP_ENG_LOGO.png  used on input line 177.
(pdftex.def)             Requested size: 77.00371pt x 40.41992pt.
 [49



]
\openout2 = `chapters/implementation/peripherals/ps2.aux'.

 (./chapters/implementation/peripherals/ps2.tex)
File: images/Labs-ESRG-resized.png Graphic file (type png)
<use images/Labs-ESRG-resized.png>
Package pdftex.def Info: images/Labs-ESRG-resized.png  used on input line 178.
(pdftex.def)             Requested size: 45.29955pt x 42.5559pt.
File: images/TOP_ENG_LOGO.png Graphic file (type png)
<use images/TOP_ENG_LOGO.png>
Package pdftex.def Info: images/TOP_ENG_LOGO.png  used on input line 178.
(pdftex.def)             Requested size: 77.00371pt x 40.41992pt.
 [50



]
\openout2 = `chapters/implementation/peripherals/timer.aux'.

 (./chapters/implementation/peripherals/timer.tex)
File: images/Labs-ESRG-resized.png Graphic file (type png)
<use images/Labs-ESRG-resized.png>
Package pdftex.def Info: images/Labs-ESRG-resized.png  used on input line 179.
(pdftex.def)             Requested size: 45.29955pt x 42.5559pt.
File: images/TOP_ENG_LOGO.png Graphic file (type png)
<use images/TOP_ENG_LOGO.png>
Package pdftex.def Info: images/TOP_ENG_LOGO.png  used on input line 179.
(pdftex.def)             Requested size: 77.00371pt x 40.41992pt.
 [51



]
\openout2 = `chapters/implementation/peripherals/uart.aux'.

 (./chapters/implementation/peripherals/uart.tex)
File: images/Labs-ESRG-resized.png Graphic file (type png)
<use images/Labs-ESRG-resized.png>
Package pdftex.def Info: images/Labs-ESRG-resized.png  used on input line 180.
(pdftex.def)             Requested size: 45.29955pt x 42.5559pt.
File: images/TOP_ENG_LOGO.png Graphic file (type png)
<use images/TOP_ENG_LOGO.png>
Package pdftex.def Info: images/TOP_ENG_LOGO.png  used on input line 180.
(pdftex.def)             Requested size: 77.00371pt x 40.41992pt.
 [52



]
\openout2 = `chapters/implementation/peripherals/vga.aux'.

 (./chapters/implementation/peripherals/vga.tex)
File: images/Labs-ESRG-resized.png Graphic file (type png)
<use images/Labs-ESRG-resized.png>
Package pdftex.def Info: images/Labs-ESRG-resized.png  used on input line 181.
(pdftex.def)             Requested size: 45.29955pt x 42.5559pt.
File: images/TOP_ENG_LOGO.png Graphic file (type png)
<use images/TOP_ENG_LOGO.png>
Package pdftex.def Info: images/TOP_ENG_LOGO.png  used on input line 181.
(pdftex.def)             Requested size: 77.00371pt x 40.41992pt.
 [53



]
\openout2 = `chapters/implementation/pipeline/pipeline.aux'.

 (./chapters/implementation/pipeline/pipeline.tex)
File: images/Labs-ESRG-resized.png Graphic file (type png)
<use images/Labs-ESRG-resized.png>
Package pdftex.def Info: images/Labs-ESRG-resized.png  used on input line 182.
(pdftex.def)             Requested size: 45.29955pt x 42.5559pt.
File: images/TOP_ENG_LOGO.png Graphic file (type png)
<use images/TOP_ENG_LOGO.png>
Package pdftex.def Info: images/TOP_ENG_LOGO.png  used on input line 182.
(pdftex.def)             Requested size: 77.00371pt x 40.41992pt.
 [54



]
\openout2 = `chapters/implementation/pipeline/cache.aux'.

 (./chapters/implementation/pipeline/cache.tex)
File: images/Labs-ESRG-resized.png Graphic file (type png)
<use images/Labs-ESRG-resized.png>
Package pdftex.def Info: images/Labs-ESRG-resized.png  used on input line 183.
(pdftex.def)             Requested size: 45.29955pt x 42.5559pt.
File: images/TOP_ENG_LOGO.png Graphic file (type png)
<use images/TOP_ENG_LOGO.png>
Package pdftex.def Info: images/TOP_ENG_LOGO.png  used on input line 183.
(pdftex.def)             Requested size: 77.00371pt x 40.41992pt.
 [55



]
\openout2 = `chapters/implementation/pipeline/hazard_control.aux'.

 (./chapters/implementation/pipeline/hazard_control.tex)
File: images/Labs-ESRG-resized.png Graphic file (type png)
<use images/Labs-ESRG-resized.png>
Package pdftex.def Info: images/Labs-ESRG-resized.png  used on input line 184.
(pdftex.def)             Requested size: 45.29955pt x 42.5559pt.
File: images/TOP_ENG_LOGO.png Graphic file (type png)
<use images/TOP_ENG_LOGO.png>
Package pdftex.def Info: images/TOP_ENG_LOGO.png  used on input line 184.
(pdftex.def)             Requested size: 77.00371pt x 40.41992pt.
 [56



]
\openout2 = `chapters/conclusion/conclusion.aux'.

 (./chapters/conclusion/conclusion.tex
Chapter 5.

Underfull \hbox (badness 10000) in paragraph at lines 3--6

 []

) [57




] (./main_report.aux (./title_page/title.aux) (./chapters/introduction/introduction.aux) (./chapters/analysis/analysis.aux) (./chapters/analysis/fsm.aux) (./chapters/analysis/pc.aux) (./chapters/analysis/fetch.aux) (./chapters/analysis/decode.aux) (./chapters/analysis/memory_acess.aux) (./chapters/analysis/execute.aux) (./chapters/analysis/writeback.aux) (./chapters/analysis/peripherals/peripherals.aux) (./chapters/analysis/peripherals/interrupt_controler.aux) (./chapters/analysis/peripherals/GPIO.aux) (./chapters/analysis/peripherals/ps2.aux) (./chapters/analysis/peripherals/timer.aux) (./chapters/analysis/peripherals/uart.aux) (./chapters/analysis/peripherals/vga.aux) (./chapters/analysis/pipeline/pipeline.aux) (./chapters/analysis/pipeline/cache.aux) (./chapters/analysis/pipeline/hazard_control.aux) (./chapters/design/design.aux) (./chapters/design/fsm.aux) (./chapters/design/pc.aux) (./chapters/design/fetch.aux) (./chapters/design/decode.aux) (./chapters/design/memory_acess.aux) (./chapters/design/execute.aux) (./chapters/design/writeback.aux) (./chapters/design/peripherals/peripherals.aux) (./chapters/design/peripherals/interrupt_controler.aux) (./chapters/design/peripherals/GPIO.aux) (./chapters/design/peripherals/ps2.aux) (./chapters/design/peripherals/timer.aux) (./chapters/design/peripherals/uart.aux) (./chapters/design/peripherals/vga.aux) (./chapters/design/pipeline/pipeline.aux) (./chapters/design/pipeline/cache.aux) (./chapters/design/pipeline/hazard_control.aux) (./chapters/implementation/implementation.aux) (./chapters/implementation/fsm.aux) (./chapters/implementation/pc.aux) (./chapters/implementation/fetch.aux) (./chapters/implementation/decode.aux) (./chapters/implementation/memory_acess.aux) (./chapters/implementation/execute.aux) (./chapters/implementation/writeback.aux) (./chapters/implementation/peripherals/peripherals.aux) (./chapters/implementation/peripherals/interrupt_controler.aux) (./chapters/implementation/peripherals/GPIO.aux) (./chapters/implementation/peripherals/ps2.aux) (./chapters/implementation/peripherals/timer.aux) (./chapters/implementation/peripherals/uart.aux) (./chapters/implementation/peripherals/vga.aux) (./chapters/implementation/pipeline/pipeline.aux) (./chapters/implementation/pipeline/cache.aux) (./chapters/implementation/pipeline/hazard_control.aux) (./chapters/conclusion/conclusion.aux))
 ***********
LaTeX2e <2023-11-01> patch level 1
L3 programming layer <2024-01-22>
 ***********


LaTeX Warning: There were undefined references.


LaTeX Warning: There were multiply-defined labels.

Package rerunfilecheck Info: File `main_report.out' has not changed.
(rerunfilecheck)             Checksum: 784C5BCAEE807C5DF33E546DB47D3A4A;6081.
 ) 
Here is how much of TeX's memory you used:
 13967 strings out of 474222
 268185 string characters out of 5748733
 1937975 words of memory out of 5000000
 35565 multiletter control sequences out of 15000+600000
 564952 words of font info for 59 fonts, out of 8000000 for 9000
 1141 hyphenation exceptions out of 8191
 75i,15n,79p,368b,641s stack positions out of 10000i,1000n,20000p,200000b,200000s
</usr/share/texlive/texmf-dist/fonts/type1/public/amsfonts/cm/cmbx10.pfb></usr/share/texlive/texmf-dist/fonts/type1/public/amsfonts/cm/cmbx12.pfb></usr/share/texlive/texmf-dist/fonts/type1/public/amsfonts/cm/cmr10.pfb></usr/share/texlive/texmf-dist/fonts/type1/public/amsfonts/cm/cmr12.pfb></usr/share/texlive/texmf-dist/fonts/type1/public/amsfonts/cm/cmr17.pfb></usr/share/texlive/texmf-dist/fonts/type1/public/amsfonts/cm/cmr9.pfb></usr/share/texlive/texmf-dist/fonts/type1/public/amsfonts/cm/cmtt10.pfb></usr/share/texmf/fonts/type1/public/cm-super/sfrm1095.pfb>
Output written on main_report.pdf (62 pages, 279699 bytes).
PDF statistics:
 780 PDF objects out of 1000 (max. 8388607)
 688 compressed objects within 7 object streams
 139 named destinations out of 1000 (max. 500000)
 504 words of extra memory for PDF output out of 10000 (max. 10000000)

